<?xml version="1.0" encoding="UTF-8"?>
<!-- Generated by org.testng.reporters.JUnitXMLReporter -->
<testsuite hostname="DESKTOP-932VSSP" ignored="0" name="Surefire test" tests="1" failures="1" timestamp="07 Jun 2020 10:40:25 GMT" time="8.959" errors="0">
  <testcase name="test_01_AddTeamAndVerify" time="4.248" classname="SanityTests.grafanaAPI">
    <failure type="java.lang.NullPointerException">
      <![CDATA[java.lang.NullPointerException
at Extensions.apiActions.extractDataFromJSON(apiActions.java:21)
at WorkFlows.apiFlows.getTeamInfo(apiFlows.java:14)
at SanityTests.grafanaAPI.test_01_AddTeamAndVerify(grafanaAPI.java:20)
... Removed 30 stack frames]]>
    </failure>
  </testcase> <!-- test_01_AddTeamAndVerify -->
</testsuite> <!-- Surefire test -->
