<?xml version="1.0" encoding="UTF-8"?>
<!-- Generated by org.testng.reporters.JUnitXMLReporter -->
<testsuite hostname="DESKTOP-932VSSP" ignored="0" name="Web Tests" tests="5" failures="0" timestamp="11 Jun 2020 08:02:21 GMT" time="28.317" errors="0">
  <testcase name="test_01_Login" time="3.904" classname="SanityTests.grafanaWeb"/>
  <testcase name="test_02_verifyUsers" time="1.121" classname="SanityTests.grafanaWeb"/>
  <testcase name="test_03_add_and_verify_newUser" time="2.653" classname="SanityTests.grafanaWeb"/>
  <testcase name="test_04_delete_User" time="1.47" classname="SanityTests.grafanaWeb"/>
  <testcase name="test_05_verify_grafana_icon" time="1.085" classname="SanityTests.grafanaWeb"/>
</testsuite> <!-- Web Tests -->
