-------------------------------------------------------------------------------
Test set: SanityTests.grafanaAPI
-------------------------------------------------------------------------------
Tests run: 1, Failures: 1, Errors: 0, Skipped: 0, Time elapsed: 11.131 s <<< FAILURE! - in SanityTests.grafanaAPI
test_01_AddTeamAndVerify(SanityTests.grafanaAPI)  Time elapsed: 4.38 s  <<< FAILURE!
java.lang.NullPointerException
	at SanityTests.grafanaAPI.test_01_AddTeamAndVerify(grafanaAPI.java:20)

