<?xml version="1.0" encoding="UTF-8"?>
<testsuite xmlns:xsi="http://www.w3.org/2001/XMLSchema-instance" xsi:noNamespaceSchemaLocation="https://maven.apache.org/surefire/maven-surefire-plugin/xsd/surefire-test-report.xsd" name="SanityTests.grafanaAPI" time="11.131" tests="1" errors="0" skipped="0" failures="1">
  <properties>
[...]
</properties>
  <testcase name="test_01_AddTeamAndVerify" classname="SanityTests.grafanaAPI" time="4.38">
    <failure type="java.lang.NullPointerException">java.lang.NullPointerException
	at SanityTests.grafanaAPI.test_01_AddTeamAndVerify(grafanaAPI.java:20)
</failure>
    <system-out><![CDATA[{
    "message": "Permission denied"
}
{
    "message": "Permission denied"
}
]]></system-out>
    <system-err><![CDATA[SLF4J: Failed to load class "org.slf4j.impl.StaticLoggerBinder".
SLF4J: Defaulting to no-operation (NOP) logger implementation
SLF4J: See http://www.slf4j.org/codes.html#StaticLoggerBinder for further details.
Loading class `com.mysql.jdbc.Driver'. This is deprecated. The new driver class is `com.mysql.cj.jdbc.Driver'. The driver is automatically registered via the SPI and manual loading of the driver class is generally unnecessary.
]]></system-err>
  </testcase>
</testsuite>